        -:    0:Source:src/counting_sort.c
        -:    1:/*Implementation of Counting sort in C. This implementation works only 
        -:    2:    with integers.*/
        -:    3:#include <stdio.h>
        -:    4:#include <stdlib.h>
        -:    5:void counting_sort(int [], int);
        -:    6:int find_max(int [], int);
        -:    7:
function counting_sort called 4 returned 100% blocks executed 100%
        4:    8:void counting_sort(int a[], int length){
        -:    9:    /*for a[] = {0, 3, 2, 3, 3, 0, 5, 2, 3} range will be 0, ... , 5. 
        -:   10:        So we will need 6 spots in our new sub-array which is max + 1*/
        4:   11:    int i, max = find_max(a, length);
call    0 returned 100%
        4:   12:    int c[max+1];
        -:   13:    
       68:   14:    for(i = 0; i < max + 1; c[i++] = 0); // first c[i] = 0 will be done, then i++;
branch  0 taken 94%
branch  1 taken 6% (fallthrough)
        -:   15:    
       34:   16:    for(i = 0; i < length; i++) c[a[i]]++;
branch  0 taken 88%
branch  1 taken 12% (fallthrough)
        -:   17:    
       64:   18:    for(i = 1; i < max + 1; i++) c[i] = c[i - 1] + c[i];
branch  0 taken 94%
branch  1 taken 6% (fallthrough)
        -:   19:    
        -:   20:    
        4:   21:    int b[length]; //this is gonna be our new sorted array
        4:   22:    int j = length - 1;
       34:   23:    for(i = 0; i < length; i++) {
branch  0 taken 88%
branch  1 taken 12% (fallthrough)
       30:   24:        b[--c[a[j]]] = a[j];
       30:   25:        j--;
        -:   26:    }    
        -:   27:    
        -:   28:    /*Right now B represents sorted array of A. But i want to change A (original) 
        -:   29:        so i will overwrite B over A array.*/
       34:   30:    for(i = 0; i < length; i++)    a[i] = b[i];
branch  0 taken 88%
branch  1 taken 12% (fallthrough)
        -:   31:
        4:   32:}
function find_max called 4 returned 100% blocks executed 100%
        4:   33:int find_max(int a[], int length){
        4:   34:    int i, max = a[0];
       30:   35:    for(i = 1; i < length; i++) {
branch  0 taken 87%
branch  1 taken 13% (fallthrough)
       26:   36:        if(max < a[i]) max = a[i];
branch  0 taken 12% (fallthrough)
branch  1 taken 88%
        -:   37:    }
        4:   38:    return max;
        -:   39:}
