        -:    0:Source:src/heap_sort.c
        -:    1:/*Heap sort implementation in C*/
        -:    2:#include <stdio.h>
        -:    3:#include <stdlib.h>
        -:    4:typedef int TYPE;
        -:    5:int left(int);
        -:    6:int right(int); 
        -:    7:int parent(int);
        -:    8:void max_heapify(TYPE [], int, int);
        -:    9:void build_max_heap(TYPE [], int);
        -:   10:void heap_sort(TYPE [], int);
        -:   11:
function heap_sort called 4 returned 100% blocks executed 100%
        4:   12:void heap_sort(TYPE a[], int length){
        4:   13:    build_max_heap(a, length);
call    0 returned 100%
        4:   14:    int i = length - 1;
        -:   15:    do {
       30:   16:        TYPE temp = a[0];
       30:   17:        a[0] = a[i];
       30:   18:        a[i] = temp;
        -:   19:        
       30:   20:        max_heapify(a, 0, --length);
call    0 returned 100%
       30:   21:    } while(--i >= 0);
branch  0 taken 87%
branch  1 taken 13% (fallthrough)
        4:   22:}
function build_max_heap called 4 returned 100% blocks executed 100%
        4:   23:void build_max_heap(TYPE a[], int length){
        4:   24:    int i = length/2;
        -:   25:    do {
       18:   26:        max_heapify(a, i, length);
call    0 returned 100%
       18:   27:    }while(--i  >= 0); //first i = i - 1 is doen and then i >= 0 afterwards.
branch  0 taken 78%
branch  1 taken 22% (fallthrough)
        4:   28:}
function max_heapify called 108 returned 100% blocks executed 100%
      108:   29:void max_heapify(TYPE a[], int i, int length){
      108:   30:    int r = right(i);
call    0 returned 100%
      108:   31:    int l = left(i);
call    0 returned 100%
      108:   32:    int max = i;
      108:   33:    if(l < length && a[max] < a[l]) max = l;
branch  0 taken 63% (fallthrough)
branch  1 taken 37%
branch  2 taken 81% (fallthrough)
branch  3 taken 19%
      108:   34:    if(r < length && a[max] < a[r]) max = r;
branch  0 taken 56% (fallthrough)
branch  1 taken 44%
branch  2 taken 39% (fallthrough)
branch  3 taken 61%
      108:   35:    if(max != i) {
branch  0 taken 56% (fallthrough)
branch  1 taken 44%
       60:   36:        TYPE temp = a[i];
       60:   37:        a[i] = a[max];
       60:   38:        a[max] = temp;
       60:   39:        max_heapify(a, max, length);
call    0 returned 100%
        -:   40:    }
      108:   41:}
function left called 108 returned 100% blocks executed 100%
      108:   42:int left(int i) {
      108:   43:    return 2*i + 1;
        -:   44:}
function right called 108 returned 100% blocks executed 100%
      108:   45:int right(int i) {
      108:   46:    return 2*i + 2;
        -:   47:}
function parent called 0 returned 0% blocks executed 0%
    #####:   48:int parent(int i) {
    #####:   49:    return (i - 1)/2;
        -:   50:}
