        -:    0:Source:src/insertion_sort.c
        -:    1://Implementation of Insertion sort in C
        -:    2:#include <stdio.h>
        -:    3:#include <stdlib.h>
        -:    4:typedef int TYPE;
        -:    5:void insertion_sort(TYPE [], int);
        -:    6:
function insertion_sort called 5 returned 100% blocks executed 100%
        5:    7:void insertion_sort(TYPE A[], int n) {
        -:    8:    int i, j;
        -:    9:    TYPE temp;
        -:   10:    
       50:   11:    for(i = 1; i < n; i++) {
branch  0 taken 90%
branch  1 taken 10% (fallthrough)
       45:   12:        temp = A[i];
       45:   13:        j = i;
      135:   14:        while(j > 0 && A[j-1] > temp) {
branch  0 taken 96% (fallthrough)
branch  1 taken 4%
branch  2 taken 70%
branch  3 taken 30% (fallthrough)
       90:   15:            A[j] = A[j - 1];
       90:   16:            j--;
        -:   17:        }
       45:   18:        A[j] = temp;
        -:   19:    }
        5:   20:}
