        -:    0:Source:src/insertion_sort.c
        -:    1://Implementation of Insertion sort in C
        -:    2:#include <stdio.h>
        -:    3:#include <stdlib.h>
        -:    4:typedef int TYPE;
        -:    5:void insertion_sort(TYPE [], int);
        -:    6:
function insertion_sort called 4 returned 100% blocks executed 100%
        4:    7:void insertion_sort(TYPE A[], int n) {
        -:    8:    int i, j;
        -:    9:    TYPE temp;
        -:   10:    
       30:   11:    for(i = 1; i < n; i++) {
branch  0 taken 87%
branch  1 taken 13% (fallthrough)
       26:   12:        temp = A[i];
       26:   13:        j = i;
      116:   14:        while(j > 0 && A[j-1] > temp) {
branch  0 taken 95% (fallthrough)
branch  1 taken 5%
branch  2 taken 82%
branch  3 taken 18% (fallthrough)
       90:   15:            A[j] = A[j - 1];
       90:   16:            j--;
        -:   17:        }
       26:   18:        A[j] = temp;
        -:   19:    }
        4:   20:}
