        -:    0:Source:src/selection_sort.c
        -:    1://Implementation of Selection sort in C
        -:    2:#include <stdio.h>
        -:    3:#include <stdlib.h>
        -:    4:#define swap(t, x, y) t z = x; x = y; y = z;
        -:    5:typedef int TYPE;
        -:    6:void selection_sort(TYPE [], int);
        -:    7:
function selection_sort called 5 returned 100% blocks executed 100%
        5:    8:void selection_sort(TYPE A[], int n) {
        -:    9:    int i, j, min;
       50:   10:    for(i = 0; i < n - 1; i++) {
branch  0 taken 90%
branch  1 taken 10% (fallthrough)
       45:   11:        min = i;
      439:   12:        for(j = i + 1; j < n; j++) {
branch  0 taken 90%
branch  1 taken 10% (fallthrough)
      394:   13:            if(A[min] > A[j]) min = j;
branch  0 taken 9% (fallthrough)
branch  1 taken 91%
        -:   14:        }
       45:   15:        if(min != i) { 
branch  0 taken 51% (fallthrough)
branch  1 taken 49%
       23:   16:            swap(TYPE, A[i], A[min]); 
        -:   17:            // '{' and '}' are  needed when using macros inside condition
        -:   18:        }
        -:   19:    }
        5:   20:}
