        -:    0:Source:src/sort.c
        -:    1:#include "sort.h"
        -:    2:
function sort called 57 returned 100% blocks executed 97%
       57:    3:int sort(int* a, int length, char* type, int algorithm) {
       57:    4:    int status = 0;
       57:    5:    int *s = (int*)malloc(sizeof(int)*length);
       57:    6:    memcpy(s,a,sizeof(int)*(length));
       57:    7:    if (length < 2 || length > 20) {
branch  0 taken 86% (fallthrough)
branch  1 taken 14%
branch  2 taken 16% (fallthrough)
branch  3 taken 84%
       16:    8:        status = 1;
        -:    9:    }
        -:   10:    else {
       41:   11:        switch(algorithm){
branch  0 taken 12%
branch  1 taken 12%
branch  2 taken 15%
branch  3 taken 12%
branch  4 taken 12%
branch  5 taken 12%
branch  6 taken 12%
branch  7 taken 12%
branch  8 taken 0%
        5:   12:            case COUNTING:
        5:   13:                if (!strcmp(type,"On"))
branch  0 taken 80% (fallthrough)
branch  1 taken 20%
        4:   14:                    counting_sort(s, length);
call    0 returned 100%
        -:   15:                else
        1:   16:                    status = 1;
        5:   17:                break;
        5:   18:            case RADIX:
        5:   19:                if (!strcmp(type,"On"))
branch  0 taken 80% (fallthrough)
branch  1 taken 20%
        4:   20:                    radix_sort(s, length);
call    0 returned 100%
        -:   21:                else
        1:   22:                    status = 1;
        5:   23:                break;
        6:   24:            case BUBBLE:
        6:   25:                if (!strcmp(type,"On2"))
branch  0 taken 83% (fallthrough)
branch  1 taken 17%
        5:   26:                    bubble_sort(s, length);
call    0 returned 100%
        -:   27:                else
        1:   28:                    status = 1;
        6:   29:                break;
        5:   30:            case INSERTION:
        5:   31:                if (!strcmp(type,"On2"))
branch  0 taken 80% (fallthrough)
branch  1 taken 20%
        4:   32:                    insertion_sort(s, length);
call    0 returned 100%
        -:   33:                else
        1:   34:                    status = 1;
        5:   35:                break;
        5:   36:            case SELECTION:
        5:   37:                if (!strcmp(type,"On2"))
branch  0 taken 80% (fallthrough)
branch  1 taken 20%
        4:   38:                    selection_sort(s, length);
call    0 returned 100%
        -:   39:                else
        1:   40:                    status = 1;
        5:   41:                break;
        5:   42:            case HEAP:
        5:   43:                if (!strcmp(type,"Onlogn"))
branch  0 taken 80% (fallthrough)
branch  1 taken 20%
        4:   44:                    heap_sort(s, length);
call    0 returned 100%
        -:   45:                else
        1:   46:                    status = 1;
        5:   47:                break;
        5:   48:            case MERGE:
        5:   49:                if (!strcmp(type,"Onlogn"))
branch  0 taken 80% (fallthrough)
branch  1 taken 20%
        4:   50:                    merge_sort(s, 0, length - 1);
call    0 returned 100%
        -:   51:                else
        1:   52:                    status = 1;
        5:   53:                break;
        5:   54:            case QUICK:
        5:   55:                if (!strcmp(type,"Onlogn"))
branch  0 taken 80% (fallthrough)
branch  1 taken 20%
        4:   56:                    quick_sort(s, 0, length - 1);
call    0 returned 100%
        -:   57:                else
        1:   58:                    status = 1;
        5:   59:                break;
    #####:   60:            default:
    #####:   61:                status = 1;
    #####:   62:                break;
        -:   63:            }
        -:   64:    }
       57:   65:    memcpy(a,s,sizeof(int)*(length));
       57:   66:    free(s);
       57:   67:    return status;
        -:   68:}
